#
# An unexpected error has been detected by Java Runtime Environment:
#
#  EXCEPTION_ACCESS_VIOLATION (0xc0000005) at pc=0x6da669a2, pid=8912, tid=9340
#
# Java VM: Java HotSpot(TM) Client VM (11.3-b02 mixed mode windows-x86)
# Problematic frame:
# V  [jvm.dll+0x1b69a2]
#
# If you would like to submit a bug report, please visit:
#   http://java.sun.com/webapps/bugreport/crash.jsp
#

---------------  T H R E A D  ---------------

Current thread (0x0262e400):  JavaThread "JDWP Transport Listener: dt_socket" daemon [_thread_in_vm, id=9340, stack(0x0ca10000,0x0ca60000)]

siginfo: ExceptionCode=0xc0000005, reading address 0x0000000c

Registers:
EAX=0x00000000, EBX=0x0000000c, ECX=0x0000000c, EDX=0x00000000
ESP=0x0ca5fa20, EBP=0x6d44e93c, ESI=0x0000000c, EDI=0x00000017
EIP=0x6da669a2, EFLAGS=0x00010206

Top of Stack: (sp=0x0ca5fa20)
0x0ca5fa20:   0262d7a8 00000017 6da669e3 0000000c
0x0ca5fa30:   00000017 6d44e0fc 0262d7a8 6d44e93c
0x0ca5fa40:   6d44e114 6d97b87d 0000000c 00000017
0x0ca5fa50:   6d98bc6f 046cb220 6d44e0fc 0262e514
0x0ca5fa60:   6d44e93c 6d44e114 0262e400 00000000
0x0ca5fa70:   6d449b79 0262e514 0ca5fabc 0261b298
0x0ca5fa80:   0261b2a0 0261b68c 6d4362bd 0262e400
0x0ca5fa90:   0ce73a4c 00000000 0ca5fabc 0ca5fc58 

Instructions: (pc=0x6da669a2)
0x6da66992:   7c 24 0c 33 c0 33 d2 85 ff 7e 2d 56 8b 74 24 0c
0x6da669a2:   66 8b 0c 56 66 83 f9 01 72 09 66 83 f9 7f 77 03 


Stack: [0x0ca10000,0x0ca60000],  sp=0x0ca5fa20,  free space=318k
Native frames: (J=compiled Java code, j=interpreted, Vv=VM code, C=native code)
V  [jvm.dll+0x1b69a2]


---------------  P R O C E S S  ---------------

Java Threads: ( => current thread )
  0x0ce25400 JavaThread "ReaderThread" [_thread_in_native, id=8400, stack(0x0d110000,0x0d160000)]
  0x0263fc00 JavaThread "Low Memory Detector" daemon [_thread_blocked, id=7768, stack(0x0cff0000,0x0d040000)]
  0x0263d400 JavaThread "CompilerThread0" daemon [_thread_blocked, id=4148, stack(0x0cd60000,0x0cdb0000)]
  0x02631800 JavaThread "JDWP Command Reader" daemon [_thread_in_native, id=9760, stack(0x0ccd0000,0x0cd20000)]
  0x02630c00 JavaThread "JDWP Event Helper Thread" daemon [_thread_blocked, id=2300, stack(0x0cae0000,0x0cb30000)]
=>0x0262e400 JavaThread "JDWP Transport Listener: dt_socket" daemon [_thread_in_vm, id=9340, stack(0x0ca10000,0x0ca60000)]
  0x02624800 JavaThread "Attach Listener" daemon [_thread_blocked, id=9468, stack(0x0c7f0000,0x0c840000)]
  0x025f3c00 JavaThread "Signal Dispatcher" daemon [_thread_blocked, id=5964, stack(0x0c760000,0x0c7b0000)]
  0x025dec00 JavaThread "Finalizer" daemon [_thread_blocked, id=2712, stack(0x0c6d0000,0x0c720000)]
  0x025dd400 JavaThread "Reference Handler" daemon [_thread_blocked, id=9540, stack(0x0c640000,0x0c690000)]
  0x0253a400 JavaThread "main" [_thread_blocked, id=8804, stack(0x00430000,0x00480000)]

Other Threads:
  0x025d9000 VMThread [stack: 0x024e0000,0x02530000] [id=7176]
  0x0cdb2c00 WatcherThread [stack: 0x0d080000,0x0d0d0000] [id=4924]

VM state:not at safepoint (normal execution)

VM Mutex/Monitor currently owned by a thread: None

Heap
 def new generation   total 960K, used 623K [0x04640000, 0x04740000, 0x04b20000)
  eden space 896K,  62% used [0x04640000, 0x046cbea8, 0x04720000)
  from space 64K, 100% used [0x04730000, 0x04740000, 0x04740000)
  to   space 64K,   0% used [0x04720000, 0x04720000, 0x04730000)
 tenured generation   total 4096K, used 460K [0x04b20000, 0x04f20000, 0x08640000)
   the space 4096K,  11% used [0x04b20000, 0x04b93188, 0x04b93200, 0x04f20000)
 compacting perm gen  total 12288K, used 4552K [0x08640000, 0x09240000, 0x0c640000)
   the space 12288K,  37% used [0x08640000, 0x08ab2120, 0x08ab2200, 0x09240000)
No shared spaces configured.

Dynamic libraries:
0x00400000 - 0x00424000 	D:\java\javaTools\myeclipse\myEclipse_10.0\myEclipse10setup\Common\binary\com.sun.java.jdk.win32.x86_1.6.0.013\bin\javaw.exe
0x773f0000 - 0x77570000 	C:\Windows\SysWOW64\ntdll.dll
0x74cc0000 - 0x74dd0000 	C:\Windows\syswow64\kernel32.dll
0x74dd0000 - 0x74e17000 	C:\Windows\syswow64\KERNELBASE.dll
0x75300000 - 0x753a0000 	C:\Windows\syswow64\ADVAPI32.dll
0x75250000 - 0x752fc000 	C:\Windows\syswow64\msvcrt.dll
0x75910000 - 0x75929000 	C:\Windows\SysWOW64\sechost.dll
0x74b70000 - 0x74c60000 	C:\Windows\syswow64\RPCRT4.dll
0x74ad0000 - 0x74b30000 	C:\Windows\syswow64\SspiCli.dll
0x74ac0000 - 0x74acc000 	C:\Windows\syswow64\CRYPTBASE.dll
0x757b0000 - 0x758b0000 	C:\Windows\syswow64\USER32.dll
0x76aa0000 - 0x76b30000 	C:\Windows\syswow64\GDI32.dll
0x754c0000 - 0x754ca000 	C:\Windows\syswow64\LPK.dll
0x76620000 - 0x766bd000 	C:\Windows\syswow64\USP10.dll
0x758b0000 - 0x75910000 	C:\Windows\system32\IMM32.DLL
0x74e20000 - 0x74eec000 	C:\Windows\syswow64\MSCTF.dll
0x7c340000 - 0x7c396000 	D:\java\javaTools\myeclipse\myEclipse_10.0\myEclipse10setup\Common\binary\com.sun.java.jdk.win32.x86_1.6.0.013\jre\bin\msvcr71.dll
0x6d8b0000 - 0x6db06000 	D:\java\javaTools\myeclipse\myEclipse_10.0\myEclipse10setup\Common\binary\com.sun.java.jdk.win32.x86_1.6.0.013\jre\bin\client\jvm.dll
0x746a0000 - 0x746d2000 	C:\Windows\system32\WINMM.dll
0x74450000 - 0x7449c000 	C:\Windows\system32\apphelp.dll
0x6d340000 - 0x6d348000 	D:\java\javaTools\myeclipse\myEclipse_10.0\myEclipse10setup\Common\binary\com.sun.java.jdk.win32.x86_1.6.0.013\jre\bin\hpi.dll
0x759c0000 - 0x759c5000 	C:\Windows\syswow64\PSAPI.DLL
0x6d430000 - 0x6d459000 	D:\java\javaTools\myeclipse\myEclipse_10.0\myEclipse10setup\Common\binary\com.sun.java.jdk.win32.x86_1.6.0.013\jre\bin\jdwp.dll
0x6d750000 - 0x6d756000 	D:\java\javaTools\myeclipse\myEclipse_10.0\myEclipse10setup\Common\binary\com.sun.java.jdk.win32.x86_1.6.0.013\jre\bin\npt.dll
0x6d860000 - 0x6d86c000 	D:\java\javaTools\myeclipse\myEclipse_10.0\myEclipse10setup\Common\binary\com.sun.java.jdk.win32.x86_1.6.0.013\jre\bin\verify.dll
0x6d3e0000 - 0x6d3ff000 	D:\java\javaTools\myeclipse\myEclipse_10.0\myEclipse10setup\Common\binary\com.sun.java.jdk.win32.x86_1.6.0.013\jre\bin\java.dll
0x6d8a0000 - 0x6d8af000 	D:\java\javaTools\myeclipse\myEclipse_10.0\myEclipse10setup\Common\binary\com.sun.java.jdk.win32.x86_1.6.0.013\jre\bin\zip.dll
0x6d2b0000 - 0x6d2b7000 	D:\java\javaTools\myeclipse\myEclipse_10.0\myEclipse10setup\Common\binary\com.sun.java.jdk.win32.x86_1.6.0.013\jre\bin\dt_socket.dll
0x74b30000 - 0x74b65000 	C:\Windows\syswow64\WS2_32.dll
0x773c0000 - 0x773c6000 	C:\Windows\syswow64\NSI.dll
0x743c0000 - 0x743d0000 	C:\Windows\system32\NLAapi.dll
0x743b0000 - 0x743c0000 	C:\Windows\system32\napinsp.dll
0x74240000 - 0x74252000 	C:\Windows\system32\pnrpnsp.dll
0x74200000 - 0x7423c000 	C:\Windows\System32\mswsock.dll
0x741b0000 - 0x741f4000 	C:\Windows\system32\DNSAPI.dll
0x741a0000 - 0x741a8000 	C:\Windows\System32\winrnr.dll
0x74170000 - 0x74197000 	C:\Program Files (x86)\Common Files\Microsoft Shared\Windows Live\WLIDNSP.DLL
0x766c0000 - 0x76717000 	C:\Windows\syswow64\SHLWAPI.dll
0x74770000 - 0x7478c000 	C:\Windows\system32\IPHLPAPI.DLL
0x74760000 - 0x74767000 	C:\Windows\system32\WINNSI.DLL
0x73780000 - 0x737b8000 	C:\Windows\System32\fwpuclnt.dll
0x74130000 - 0x74136000 	C:\Windows\system32\rasadhlp.dll
0x73e10000 - 0x73e15000 	C:\Windows\System32\wshtcpip.dll
0x6d6c0000 - 0x6d6d3000 	D:\java\javaTools\myeclipse\myEclipse_10.0\myEclipse10setup\Common\binary\com.sun.java.jdk.win32.x86_1.6.0.013\jre\bin\net.dll
0x704a0000 - 0x704a6000 	C:\Windows\System32\wship6.dll

VM Arguments:
jvm_args: -agentlib:jdwp=transport=dt_socket,suspend=y,address=localhost:52246 -Dfile.encoding=GBK 
java_command: org.eclipse.jdt.internal.junit.runner.RemoteTestRunner -version 3 -port 52245 -testLoaderClass org.eclipse.jdt.internal.junit4.runner.JUnit4TestLoader -loaderpluginname org.eclipse.jdt.junit4.runtime -test spring2_5.UserServiceImplTest:test
Launcher Type: SUN_STANDARD

Environment Variables:
JAVA_HOME=D:\java\jdk1.7.0
CLASSPATH=D:\java\jdk1.7.0\lib\dt.jar;D:\java\jdk1.7.0\lib\tools.jar;
PATH=D:\java\javaTools\myeclipse\myEclipse_10.0\myEclipse10setup\Common\binary\com.sun.java.jdk.win32.x86_1.6.0.013\jre\bin;D:/java/javaTools/myeclipse/myEclipse_10.0/myEclipse10setup/Common/binary/com.sun.java.jdk.win32.x86_1.6.0.013/jre/bin/client;D:/java/javaTools/myeclipse/myEclipse_10.0/myEclipse10setup/Common/binary/com.sun.java.jdk.win32.x86_1.6.0.013/jre/bin;D:/java/javaTools/myeclipse/myEclipse_10.0/myEclipse10setup/Common/binary/com.sun.java.jdk.win32.x86_1.6.0.013/jre/lib/i386;D:\oracle\product\10.2.0\db_1\bin;D:\java\jdk1.7.0\bin;C:\windows\system32\;QUARTUS_ROOTDIR\bin
USERNAME=lenovo
OS=Windows_NT
PROCESSOR_IDENTIFIER=AMD64 Family 21 Model 16 Stepping 1, AuthenticAMD



---------------  S Y S T E M  ---------------

OS: Windows NT 6.1 Build 7601 Service Pack 1

CPU:total 4 (4 cores per cpu, 1 threads per core) family 21 model 16 stepping 1, cmov, cx8, fxsr, mmx, sse, sse2, sse3, ssse3, mmxext, sse4a

Memory: 4k page, physical 3646840k(972144k free), swap 4194303k(3317976k free)

vm_info: Java HotSpot(TM) Client VM (11.3-b02) for windows-x86 JRE (1.6.0_13-b03), built on Mar  9 2009 01:15:24 by "java_re" with MS VC++ 7.1

time: Sat Mar 22 16:50:54 2014
elapsed time: 118 seconds

